


materialPath: C:\applications\Steam\steamapps\common\alien swarm\swarm\materials
Loading c:\applications\steam\steamapps\common\dota 2 beta\dota\maps\horse.vmf
fixing up env_cubemap materials on brush sides...
0...1...2...3...4...5...6...7...8...9...100...1...2...3...4...5...6...7...8...9...10Processing areas...done (0)
Building Faces...done (0)
FixTjuncs...
PruneNodes...
WriteBSP...
done (0)
writing c:\applications\steam\steamapps\common\dota 2 beta\dota\maps\horse.prt...Building visibility clusters...
done (0)
Finding displacement neighbors...
Finding lightmap sample positions...
Displacement Alpha : 0...1...2...3...4...5...6...7...8...9...10
Building Physics collision data...
done (0) (2861 bytes)
Placing detail props : 0...1...2...3...4...5...6...7...8...9...10
Compacting texture/material tables...
Reduced 19 texinfos to 3
Reduced 3 texdatas to 3 (63 bytes to 63)
Writing c:\applications\steam\steamapps\common\dota 2 beta\dota\maps\horse.bsp
0 seconds elapsed



materialPath: C:\applications\Steam\steamapps\common\alien swarm\swarm\materials
Loading c:\applications\steam\steamapps\common\dota 2 beta\dota\maps\horse.vmf
fixing up env_cubemap materials on brush sides...
0...1...2...3...4...5...6...7...8...9...100...1...2...3...4...5...6...7...8...9...10Processing areas...done (0)
Building Faces...done (0)
FixTjuncs...
PruneNodes...
WriteBSP...
done (0)
writing c:\applications\steam\steamapps\common\dota 2 beta\dota\maps\horse.prt...Building visibility clusters...
done (0)
Finding displacement neighbors...
Finding lightmap sample positions...
Displacement Alpha : 0...1...2...3...4...5...6...7...8...9...10
Building Physics collision data...
done (1) (7378 bytes)
Placing detail props : 0...1...2...3...4...5...6...7...8...9...10
Compacting texture/material tables...
Reduced 21 texinfos to 4
Reduced 5 texdatas to 4 (98 bytes to 71)
Writing c:\applications\steam\steamapps\common\dota 2 beta\dota\maps\horse.bsp
1 second elapsed



materialPath: C:\applications\Steam\steamapps\common\alien swarm\swarm\materials
Loading c:\applications\steam\steamapps\common\dota 2 beta\dota\maps\horse.vmf
fixing up env_cubemap materials on brush sides...
0...1...2...3...4...5...6...7...8...9...100...1...2...3...4...5...6...7...8...9...10Processing areas...done (0)
Building Faces...done (0)
FixTjuncs...
PruneNodes...
WriteBSP...
done (0)
writing c:\applications\steam\steamapps\common\dota 2 beta\dota\maps\horse.prt...Building visibility clusters...
done (0)
Finding displacement neighbors...
Finding lightmap sample positions...
Displacement Alpha : 0...1...2...3...4...5...6...7...8...9...10
Building Physics collision data...
done (1) (7378 bytes)
Placing detail props : 0...1...2...3...4...5...6...7...8...9...10
Compacting texture/material tables...
Reduced 21 texinfos to 4
Reduced 5 texdatas to 4 (98 bytes to 71)
Writing c:\applications\steam\steamapps\common\dota 2 beta\dota\maps\horse.bsp
1 second elapsed



materialPath: C:\applications\Steam\steamapps\common\alien swarm\swarm\materials
Loading c:\applications\steam\steamapps\common\dota 2 beta\dota\maps\horse.vmf
fixing up env_cubemap materials on brush sides...
0...1...2...3...4...5...6...7...8...9...100...1...2...3...4...5...6...7...8...9...10Processing areas...done (0)
Building Faces...done (0)
FixTjuncs...
PruneNodes...
WriteBSP...
done (0)
writing c:\applications\steam\steamapps\common\dota 2 beta\dota\maps\horse.prt...Building visibility clusters...
done (0)
Finding displacement neighbors...
Finding lightmap sample positions...
Displacement Alpha : 0...1...2...3...4...5...6...7...8...9...10
Building Physics collision data...
done (1) (7378 bytes)
Placing detail props : 0...1...2...3...4...5...6...7...8...9...10
Compacting texture/material tables...
Reduced 21 texinfos to 4
Reduced 5 texdatas to 4 (98 bytes to 71)
Writing c:\applications\steam\steamapps\common\dota 2 beta\dota\maps\horse.bsp
1 second elapsed



materialPath: C:\applications\Steam\steamapps\common\alien swarm\swarm\materials
Loading c:\applications\steam\steamapps\common\dota 2 beta\dota\maps\horse.vmf
fixing up env_cubemap materials on brush sides...
0...1...2...3...4...5...6...7...8...9...100...1...2...3...4...5...6...7...8...9...10Processing areas...done (0)
Building Faces...done (0)
FixTjuncs...
PruneNodes...
WriteBSP...
done (0)
writing c:\applications\steam\steamapps\common\dota 2 beta\dota\maps\horse.prt...Building visibility clusters...
done (0)
Finding displacement neighbors...
Finding lightmap sample positions...
Displacement Alpha : 0...1...2...3...4...5...6...7...8...9...10
Building Physics collision data...
done (1) (7378 bytes)
Placing detail props : 0...1...2...3...4...5...6...7...8...9...10
Compacting texture/material tables...
Reduced 21 texinfos to 4
Reduced 5 texdatas to 4 (98 bytes to 71)
Writing c:\applications\steam\steamapps\common\dota 2 beta\dota\maps\horse.bsp
1 second elapsed



materialPath: C:\applications\Steam\steamapps\common\alien swarm\swarm\materials
Loading c:\applications\steam\steamapps\common\dota 2 beta\dota\maps\horse.vmf
fixing up env_cubemap materials on brush sides...
0...1...2...3...4...5...6...7...8...9...100...1...2...3...4...5...6...7...8...9...10Processing areas...done (0)
Building Faces...done (0)
FixTjuncs...
PruneNodes...
WriteBSP...
done (0)
writing c:\applications\steam\steamapps\common\dota 2 beta\dota\maps\horse.prt...Building visibility clusters...
done (0)
Finding displacement neighbors...
Finding lightmap sample positions...
Displacement Alpha : 0...1...2...3...4...5...6...7...8...9...10
Building Physics collision data...
done (1) (7378 bytes)
Placing detail props : 0...1...2...3...4...5...6...7...8...9...10
Compacting texture/material tables...
Reduced 21 texinfos to 4
Reduced 5 texdatas to 4 (98 bytes to 71)
Writing c:\applications\steam\steamapps\common\dota 2 beta\dota\maps\horse.bsp
1 second elapsed



materialPath: C:\applications\Steam\steamapps\common\alien swarm\swarm\materials
Loading c:\applications\steam\steamapps\common\dota 2 beta\dota\maps\horse.vmf
fixing up env_cubemap materials on brush sides...
0...1...2...3...4...5...6...7...8...9...100...1...2...3...4...5...6...7...8...9...10Processing areas...done (0)
Building Faces...done (0)
FixTjuncs...
PruneNodes...
WriteBSP...
done (0)
writing c:\applications\steam\steamapps\common\dota 2 beta\dota\maps\horse.prt...Building visibility clusters...
done (0)
Finding displacement neighbors...
Finding lightmap sample positions...
Displacement Alpha : 0...1...2...3...4...5...6...7...8...9...10
Building Physics collision data...
done (1) (7378 bytes)
Placing detail props : 0...1...2...3...4...5...6...7...8...9...10
Compacting texture/material tables...
Reduced 21 texinfos to 4
Reduced 5 texdatas to 4 (98 bytes to 71)
Writing c:\applications\steam\steamapps\common\dota 2 beta\dota\maps\horse.bsp
1 second elapsed



materialPath: C:\applications\Steam\steamapps\common\alien swarm\swarm\materials
Loading c:\applications\steam\steamapps\common\dota 2 beta\dota\maps\horse.vmf
fixing up env_cubemap materials on brush sides...
0...1...2...3...4...5...6...7...8...9...100...1...2...3...4...5...6...7...8...9...10Processing areas...done (0)
Building Faces...done (0)
FixTjuncs...
PruneNodes...
WriteBSP...
done (0)
writing c:\applications\steam\steamapps\common\dota 2 beta\dota\maps\horse.prt...Building visibility clusters...
done (0)
Finding displacement neighbors...
Finding lightmap sample positions...
Displacement Alpha : 0...1...2...3...4...5...6...7...8...9...10
Building Physics collision data...
done (1) (7378 bytes)
Placing detail props : 0...1...2...3...4...5...6...7...8...9...10
Compacting texture/material tables...
Reduced 21 texinfos to 4
Reduced 5 texdatas to 4 (98 bytes to 71)
Writing c:\applications\steam\steamapps\common\dota 2 beta\dota\maps\horse.bsp
1 second elapsed



materialPath: C:\applications\Steam\steamapps\common\alien swarm\swarm\materials
Loading c:\applications\steam\steamapps\common\dota 2 beta\dota\maps\horse.vmf
fixing up env_cubemap materials on brush sides...
0...1...2...3...4...5...6...7...8...9...100...1...2...3...4...5...6...7...8...9...10Processing areas...done (0)
Building Faces...done (0)
Chop Details...done (0)
Find Visible Detail Sides...
Merged 10 detail faces...done (0)
Merging details...done (0)
FixTjuncs...
PruneNodes...
WriteBSP...
done (0)
writing c:\applications\steam\steamapps\common\dota 2 beta\dota\maps\horse.prt...Building visibility clusters...
done (0)
Finding displacement neighbors...
Finding lightmap sample positions...
Displacement Alpha : 0...1...2...3...4...5...6...7...8...9...10
Building Physics collision data...
done (1) (5289 bytes)
Placing detail props : 0...1...2...3...4...5...6...7...8...9...10
Compacting texture/material tables...
Reduced 21 texinfos to 6
Reduced 6 texdatas to 6 (118 bytes to 118)
Writing c:\applications\steam\steamapps\common\dota 2 beta\dota\maps\horse.bsp
1 second elapsed



materialPath: C:\applications\Steam\steamapps\common\alien swarm\swarm\materials
Loading c:\applications\steam\steamapps\common\dota 2 beta\dota\maps\horse.vmf
fixing up env_cubemap materials on brush sides...
0...1...2...3...4...5...6...7...8...9...100...1...2...3...4...5...6...7...8...9...10Processing areas...done (0)
Building Faces...done (0)
FixTjuncs...
PruneNodes...
WriteBSP...
done (0)
writing c:\applications\steam\steamapps\common\dota 2 beta\dota\maps\horse.prt...Building visibility clusters...
done (0)
Finding displacement neighbors...
Finding lightmap sample positions...
Displacement Alpha : 0...1...2...3...4...5...6...7...8...9...10
Building Physics collision data...
done (1) (5809 bytes)
Placing detail props : 0...1...2...3...4...5...6...7...8...9...10
Compacting texture/material tables...
Reduced 23 texinfos to 6
Reduced 6 texdatas to 6 (118 bytes to 118)
Writing c:\applications\steam\steamapps\common\dota 2 beta\dota\maps\horse.bsp
1 second elapsed



materialPath: C:\applications\Steam\steamapps\common\alien swarm\swarm\materials
Loading c:\applications\steam\steamapps\common\dota 2 beta\dota\maps\horse.vmf
fixing up env_cubemap materials on brush sides...
0...1...2...3...4...5...6...7...8...9...100...1...2...3...4...5...6...7...8...9...10Processing areas...done (0)
Building Faces...done (0)
FixTjuncs...
PruneNodes...
WriteBSP...
done (0)
writing c:\applications\steam\steamapps\common\dota 2 beta\dota\maps\horse.prt...Building visibility clusters...
done (0)
Finding displacement neighbors...
Finding lightmap sample positions...
Displacement Alpha : 0...1...2...3...4...5...6...7...8...9...10
Building Physics collision data...
done (1) (5809 bytes)
Placing detail props : 0...1...2...3...4...5...6...7...8...9...10
Compacting texture/material tables...
Reduced 23 texinfos to 6
Reduced 6 texdatas to 6 (118 bytes to 118)
Writing c:\applications\steam\steamapps\common\dota 2 beta\dota\maps\horse.bsp
1 second elapsed



materialPath: C:\applications\Steam\steamapps\common\alien swarm\swarm\materials
Loading c:\applications\steam\steamapps\common\dota 2 beta\dota\maps\horse.vmf
fixing up env_cubemap materials on brush sides...
0...1...2...3...4...5...6...7...8...9...100...1...2...3...4...5...6...7...8...9...10Processing areas...done (0)
Building Faces...done (0)
Chop Details...done (0)
Find Visible Detail Sides...done (0)
Merging details...done (0)
FixTjuncs...
PruneNodes...
WriteBSP...
done (0)
writing c:\applications\steam\steamapps\common\dota 2 beta\dota\maps\horse.prt...Building visibility clusters...
done (0)
Finding displacement neighbors...
Finding lightmap sample positions...
Displacement Alpha : 0...1...2...3...4...5...6...7...8...9...10
Building Physics collision data...
done (1) (6201 bytes)
Placing detail props : 0...1...2...3...4...5...6...7...8...9...10
Compacting texture/material tables...
Reduced 25 texinfos to 6
Reduced 6 texdatas to 6 (118 bytes to 118)
Writing c:\applications\steam\steamapps\common\dota 2 beta\dota\maps\horse.bsp
1 second elapsed



materialPath: C:\applications\Steam\steamapps\common\alien swarm\swarm\materials
Loading c:\applications\steam\steamapps\common\dota 2 beta\dota\maps\horse.vmf
fixing up env_cubemap materials on brush sides...
0...1...2...3...4...5...6...7...8...9...100...1...2...3...4...5...6...7...8...9...10Processing areas...done (0)
Building Faces...done (0)
FixTjuncs...
PruneNodes...
WriteBSP...
done (0)
writing c:\applications\steam\steamapps\common\dota 2 beta\dota\maps\horse.prt...Building visibility clusters...
done (0)
Finding displacement neighbors...
Finding lightmap sample positions...
Displacement Alpha : 0...1...2...3...4...5...6...7...8...9...10
Building Physics collision data...
done (1) (5809 bytes)
Placing detail props : 0...1...2...3...4...5...6...7...8...9...10
Compacting texture/material tables...
Reduced 23 texinfos to 6
Reduced 6 texdatas to 6 (118 bytes to 118)
Writing c:\applications\steam\steamapps\common\dota 2 beta\dota\maps\horse.bsp
1 second elapsed



materialPath: C:\applications\Steam\steamapps\common\alien swarm\swarm\materials
Loading c:\applications\steam\steamapps\common\dota 2 beta\dota\addons\horse\maps\horse.vmf
fixing up env_cubemap materials on brush sides...
0...1...2...3...4...5...6...7...8...9...100...1...2...3...4...5...6...7...8...9...10Processing areas...done (0)
Building Faces...done (0)
FixTjuncs...
PruneNodes...
WriteBSP...
done (0)
writing c:\applications\steam\steamapps\common\dota 2 beta\dota\addons\horse\maps\horse.prt...Building visibility clusters...
done (0)
Finding displacement neighbors...
Finding lightmap sample positions...
Displacement Alpha : 0...1...2...3...4...5...6...7...8...9...10
Building Physics collision data...
done (1) (5809 bytes)
Placing detail props : 0...1...2...3...4...5...6...7...8...9...10
Compacting texture/material tables...
Reduced 23 texinfos to 6
Reduced 6 texdatas to 6 (118 bytes to 118)
Writing c:\applications\steam\steamapps\common\dota 2 beta\dota\addons\horse\maps\horse.bsp
1 second elapsed



materialPath: C:\applications\Steam\steamapps\common\alien swarm\swarm\materials
Loading c:\applications\steam\steamapps\common\dota 2 beta\dota\addons\horse\maps\horse.vmf
fixing up env_cubemap materials on brush sides...
0...1...2...3...4...5...6...7...8...9...100...1...2...3...4...5...6...7...8...9...10Processing areas...done (0)
Building Faces...done (0)
FixTjuncs...
PruneNodes...
WriteBSP...
done (0)
writing c:\applications\steam\steamapps\common\dota 2 beta\dota\addons\horse\maps\horse.prt...Building visibility clusters...
done (0)
Finding displacement neighbors...
Finding lightmap sample positions...
Displacement Alpha : 0...1...2...3...4...5...6...7...8...9...10
Building Physics collision data...
done (1) (2302 bytes)
Placing detail props : 0...1...2...3...4...5...6...7...8...9...10
Compacting texture/material tables...
Reduced 25 texinfos to 10
Reduced 6 texdatas to 6 (118 bytes to 118)
Writing c:\applications\steam\steamapps\common\dota 2 beta\dota\addons\horse\maps\horse.bsp
1 second elapsed
